<?xml version="1.0" encoding="UTF-8"?>
<!-- Generated by org.testng.reporters.JUnitReportReporter -->
<testsuite hostname="odhoju" name="com.vit.testcases.TestLogin" tests="1" failures="0" timestamp="11 May 2015 08:16:38 GMT" time="10.928" errors="0">
  <testcase name="test_Home_Page_Appear_Correct" time="10.928" classname="com.vit.testcases.TestLogin"/>
</testsuite> <!-- com.vit.testcases.TestLogin -->
